[37m13:38:02.059 > S[37mun  2:28:20
[37m13:38:03.059 > S[37mun  2:28:21
[37m13:38:04.059 > S[37mun  2:28:22
[37m13:38:05.059 > S[37mun  2:28:23
[37m13:38:06.059 > S[37mun  2:28:24
[37m13:38:06.069 > [[37m  8537][E][WiFiGeneric.cpp:1166] mode(): Could not set mode! 12289
[37m13:38:06.070 > [[37m  8540][E][WiFiGeneric.cpp:1166] mode(): Could not set mode! 12289
[37m13:38:06.075 > [[37m  8540][E][WiFiSTA.cpp:227] begin(): STA enable failed!
[37m13:38:07.059 > S[37mun  2:28:25
[37m13:38:07.933 > N[37metwork connected - Mineshaft - -50
[37m13:38:08.025 > D[37mebug: {"status":"success","country":"United States","countryCode":"US","region":"NY","regionName":"New York","city":"Flushing","district":"","zip":"11105","lat":40.7787,"lon":-73.9132,"timezone":"America/New_York","offset":-18000,"currency":"USD","isp":"Verizon Business","org":"Verizon Internet Services","query":"141.157.218.123"}
[37m13:38:08.026 > p[37marseJson()
13:38:08.026 > Geo Offset: -18000
[37m13:38:08.026 > 40.778700
[37m13:38:08.026 > -73.913200
13:38:08.026 > United States
13:38:08.026 > US
13:38:08.026 > NY
13:38:08.026 > Flushing[37m
13:38:08.026 > 11105
[37m13:38:08.027 > America/New_York
13:38:08.027 > 141.157.218.123
13:38:08.027 > 1
13:38:08.027 > Geo Offset: -18000
13:38:08.027 > 40.778700
13:38:08.027 > -73[37m.9132[37m00
13:38:08.027 > United States[37m
13:38:08.027 > US
13:38:08.027 > NY
13:38:08.027 > Flushing
[37m13:38:08.027 > 11105
13:38:08.027 > America/New_York
[37m13:38:08.027 > 141.157.218.123
13:38:08.027 > 1
[37m13:38:08.059 > S[37mun  1:28:26
[37m13:38:09.059 > W[37med  8:37:52
[37m13:38:10.059 > W[37med  8:37:53
[37m13:38:11.059 > W[37med  8:37:54
[37m13:38:12.059 > W[37med  8:37:55
